
> rebuild3-frontend@0.1.0 dev
> vite --host 127.0.0.1 --port 47122


  VITE v7.3.1  ready in 212 ms

  ➜  Local:   http://127.0.0.1:47122/

> rebuild3-frontend@0.1.0 dev
> vite --host 127.0.0.1 --port 47122


  VITE v7.3.1  ready in 237 ms

  ➜  Local:   http://127.0.0.1:47122/

> rebuild3-frontend@0.1.0 dev
> vite --host 127.0.0.1 --port 47122


  VITE v7.3.1  ready in 233 ms

  ➜  Local:   http://127.0.0.1:47122/

> rebuild3-frontend@0.1.0 dev
> vite --host 127.0.0.1 --port 47122


  VITE v7.3.1  ready in 253 ms

  ➜  Local:   http://127.0.0.1:47122/

> rebuild3-frontend@0.1.0 dev
> vite --host 127.0.0.1 --port 47122


  VITE v7.3.1  ready in 255 ms

  ➜  Local:   http://127.0.0.1:47122/

> rebuild3-frontend@0.1.0 dev
> vite --host 127.0.0.1 --port 47122


  VITE v7.3.1  ready in 270 ms

  ➜  Local:   http://127.0.0.1:47122/
2:37:10 AM [vite] (client) hmr update /src/pages/ValidationComparePage.vue, /src/pages/RunBatchCenterPage.vue, /src/pages/ProfileListPage.vue, /src/pages/ObjectsPage.vue, /src/pages/ObjectDetailPage.vue, /src/pages/ObservationWorkspacePage.vue, /src/pages/BaselineProfilePage.vue, /src/pages/AnomalyWorkspacePage.vue, /src/pages/GovernancePage.vue, /src/pages/FlowOverviewPage.vue, /src/pages/InitializationPage.vue
2:37:16 AM [vite] (client) hmr update /src/App.vue
2:37:31 AM [vite] (client) hmr update /src/App.vue
2:37:37 AM [vite] (client) hmr update /src/App.vue
2:37:45 AM [vite] (client) hmr update /src/components/VersionContextBar.vue
2:37:52 AM [vite] (client) hmr update /src/components/VersionContextBar.vue
2:37:58 AM [vite] (client) hmr update /src/styles.css
2:38:03 AM [vite] (client) hmr update /src/styles.css
2:38:09 AM [vite] (client) hmr update /src/styles.css
2:38:16 AM [vite] (client) hmr update /src/styles.css
2:38:23 AM [vite] (client) hmr update /src/styles.css
2:38:27 AM [vite] (client) hmr update /src/styles.css
2:38:33 AM [vite] (client) hmr update /src/styles.css
2:38:39 AM [vite] (client) hmr update /src/styles.css
2:38:46 AM [vite] (client) hmr update /src/styles.css
2:38:50 AM [vite] (client) hmr update /src/styles.css
2:38:56 AM [vite] (client) hmr update /src/styles.css
2:39:02 AM [vite] (client) hmr update /src/styles.css
2:39:07 AM [vite] (client) hmr update /src/styles.css
2:39:18 AM [vite] (client) hmr update /src/pages/FlowOverviewPage.vue
2:39:23 AM [vite] (client) hmr update /src/pages/FlowOverviewPage.vue
2:39:28 AM [vite] (client) hmr update /src/pages/FlowOverviewPage.vue
2:39:33 AM [vite] (client) hmr update /src/pages/FlowOverviewPage.vue
2:39:37 AM [vite] (client) hmr update /src/pages/FlowOverviewPage.vue
2:39:42 AM [vite] (client) hmr update /src/pages/FlowOverviewPage.vue
2:39:47 AM [vite] (client) hmr update /src/pages/FlowOverviewPage.vue
2:39:56 AM [vite] (client) hmr update /src/pages/RunBatchCenterPage.vue
2:40:01 AM [vite] (client) hmr update /src/pages/RunBatchCenterPage.vue
2:40:07 AM [vite] (client) hmr update /src/pages/RunBatchCenterPage.vue
2:40:11 AM [vite] (client) hmr update /src/pages/RunBatchCenterPage.vue
2:40:16 AM [vite] (client) hmr update /src/pages/RunBatchCenterPage.vue
2:40:22 AM [vite] (client) hmr update /src/pages/RunBatchCenterPage.vue
2:40:29 AM [vite] (client) hmr update /src/pages/RunBatchCenterPage.vue
2:40:38 AM [vite] (client) hmr update /src/pages/RunBatchCenterPage.vue
2:40:43 AM [vite] (client) hmr update /src/pages/RunBatchCenterPage.vue
2:40:48 AM [vite] (client) hmr update /src/pages/RunBatchCenterPage.vue
2:40:59 AM [vite] (client) hmr update /src/pages/ObjectsPage.vue
2:41:04 AM [vite] (client) hmr update /src/pages/ObjectsPage.vue
2:41:11 AM [vite] (client) hmr update /src/pages/ObjectsPage.vue
2:41:16 AM [vite] (client) hmr update /src/pages/ObjectsPage.vue
2:41:21 AM [vite] (client) hmr update /src/pages/ObjectsPage.vue
2:41:27 AM [vite] (client) hmr update /src/pages/ObjectsPage.vue
2:41:32 AM [vite] (client) hmr update /src/pages/ObjectsPage.vue
2:41:43 AM [vite] (client) hmr update /src/pages/ObjectDetailPage.vue
2:41:49 AM [vite] (client) hmr update /src/pages/ObjectDetailPage.vue
2:41:53 AM [vite] (client) hmr update /src/pages/ObjectDetailPage.vue
2:41:58 AM [vite] (client) hmr update /src/pages/ObjectDetailPage.vue
2:42:03 AM [vite] (client) hmr update /src/pages/ObjectDetailPage.vue
2:42:11 AM [vite] (client) hmr update /src/pages/ObjectDetailPage.vue
2:42:16 AM [vite] (client) hmr update /src/pages/ObjectDetailPage.vue
2:42:21 AM [vite] (client) hmr update /src/pages/ObjectDetailPage.vue
2:42:25 AM [vite] (client) hmr update /src/pages/ObjectDetailPage.vue
2:42:30 AM [vite] (client) hmr update /src/pages/ObjectDetailPage.vue
2:42:36 AM [vite] (client) hmr update /src/pages/ObjectDetailPage.vue
2:42:43 AM [vite] (client) hmr update /src/pages/ObjectDetailPage.vue
2:42:57 AM [vite] (client) hmr update /src/pages/ObservationWorkspacePage.vue
2:43:01 AM [vite] (client) hmr update /src/pages/ObservationWorkspacePage.vue
2:43:05 AM [vite] (client) hmr update /src/pages/ObservationWorkspacePage.vue
2:43:10 AM [vite] (client) hmr update /src/pages/ObservationWorkspacePage.vue
2:43:16 AM [vite] (client) hmr update /src/pages/ObservationWorkspacePage.vue
2:43:22 AM [vite] (client) hmr update /src/pages/ObservationWorkspacePage.vue
2:43:28 AM [vite] (client) hmr update /src/pages/ObservationWorkspacePage.vue
2:43:35 AM [vite] (client) hmr update /src/pages/ObservationWorkspacePage.vue
2:43:46 AM [vite] (client) hmr update /src/pages/AnomalyWorkspacePage.vue
2:43:51 AM [vite] (client) hmr update /src/pages/AnomalyWorkspacePage.vue
2:43:55 AM [vite] (client) hmr update /src/pages/AnomalyWorkspacePage.vue
2:44:01 AM [vite] (client) hmr update /src/pages/AnomalyWorkspacePage.vue
2:44:06 AM [vite] (client) hmr update /src/pages/AnomalyWorkspacePage.vue
2:44:11 AM [vite] (client) hmr update /src/pages/AnomalyWorkspacePage.vue
2:44:16 AM [vite] (client) hmr update /src/pages/AnomalyWorkspacePage.vue
2:44:21 AM [vite] (client) hmr update /src/pages/AnomalyWorkspacePage.vue
2:44:26 AM [vite] (client) hmr update /src/pages/AnomalyWorkspacePage.vue
2:44:31 AM [vite] (client) hmr update /src/pages/AnomalyWorkspacePage.vue
2:44:42 AM [vite] (client) hmr update /src/pages/BaselineProfilePage.vue
2:44:46 AM [vite] (client) hmr update /src/pages/BaselineProfilePage.vue
2:44:53 AM [vite] (client) hmr update /src/pages/BaselineProfilePage.vue
2:45:01 AM [vite] (client) hmr update /src/pages/BaselineProfilePage.vue
2:45:07 AM [vite] (client) hmr update /src/pages/BaselineProfilePage.vue
2:45:12 AM [vite] (client) hmr update /src/pages/BaselineProfilePage.vue
2:45:19 AM [vite] (client) hmr update /src/pages/BaselineProfilePage.vue
2:45:28 AM [vite] (client) hmr update /src/pages/BaselineProfilePage.vue
2:45:33 AM [vite] (client) hmr update /src/pages/BaselineProfilePage.vue
2:45:38 AM [vite] (client) hmr update /src/pages/BaselineProfilePage.vue
2:45:43 AM [vite] (client) hmr update /src/pages/BaselineProfilePage.vue
2:46:01 AM [vite] (client) hmr update /src/pages/ValidationComparePage.vue
2:46:05 AM [vite] (client) hmr update /src/pages/ValidationComparePage.vue
2:46:10 AM [vite] (client) hmr update /src/pages/ValidationComparePage.vue
2:46:15 AM [vite] (client) hmr update /src/pages/ValidationComparePage.vue
2:46:20 AM [vite] (client) hmr update /src/pages/ValidationComparePage.vue
2:46:24 AM [vite] (client) hmr update /src/pages/ValidationComparePage.vue
2:46:29 AM [vite] (client) hmr update /src/pages/ValidationComparePage.vue
2:46:33 AM [vite] (client) hmr update /src/pages/ValidationComparePage.vue
2:46:38 AM [vite] (client) hmr update /src/pages/InitializationPage.vue
2:46:44 AM [vite] (client) hmr update /src/pages/InitializationPage.vue
2:46:48 AM [vite] (client) hmr update /src/pages/InitializationPage.vue
2:46:53 AM [vite] (client) hmr update /src/pages/InitializationPage.vue
2:46:58 AM [vite] (client) hmr update /src/pages/InitializationPage.vue
2:47:05 AM [vite] (client) hmr update /src/pages/InitializationPage.vue
2:47:10 AM [vite] (client) hmr update /src/pages/InitializationPage.vue
2:47:20 AM [vite] (client) hmr update /src/pages/InitializationPage.vue
2:47:25 AM [vite] (client) hmr update /src/pages/GovernancePage.vue
2:47:30 AM [vite] (client) hmr update /src/pages/GovernancePage.vue
2:47:34 AM [vite] (client) hmr update /src/pages/GovernancePage.vue
2:47:41 AM [vite] (client) hmr update /src/pages/GovernancePage.vue
2:47:46 AM [vite] (client) hmr update /src/pages/GovernancePage.vue
2:47:55 AM [vite] (client) hmr update /src/pages/GovernancePage.vue
2:48:00 AM [vite] (client) hmr update /src/pages/GovernancePage.vue
2:48:05 AM [vite] (client) hmr update /src/pages/GovernancePage.vue
2:48:13 AM [vite] (client) hmr update /src/pages/GovernancePage.vue
2:48:17 AM [vite] (client) hmr update /src/pages/GovernancePage.vue
2:48:21 AM [vite] (client) hmr update /src/pages/GovernancePage.vue
2:48:25 AM [vite] (client) hmr update /src/pages/GovernancePage.vue
2:48:32 AM [vite] (client) hmr update /src/pages/ProfileListPage.vue
2:48:37 AM [vite] (client) hmr update /src/pages/ProfileListPage.vue
2:48:42 AM [vite] (client) hmr update /src/pages/ProfileListPage.vue
2:48:50 AM [vite] (client) hmr update /src/pages/ProfileListPage.vue
2:48:55 AM [vite] (client) hmr update /src/pages/ProfileListPage.vue

> rebuild3-frontend@0.1.0 dev
> vite --host 127.0.0.1 --port 47122


  VITE v7.3.1  ready in 149 ms

  ➜  Local:   http://127.0.0.1:47122/
1:46:21 PM [vite] (client) hmr update /src/pages/FlowOverviewPage.vue
1:46:32 PM [vite] (client) hmr update /src/pages/FlowOverviewPage.vue
1:46:54 PM [vite] (client) hmr update /src/pages/FlowOverviewPage.vue
1:47:38 PM [vite] (client) hmr update /src/pages/RunBatchCenterPage.vue
1:47:45 PM [vite] (client) hmr update /src/pages/RunBatchCenterPage.vue
1:47:56 PM [vite] (client) hmr update /src/pages/RunBatchCenterPage.vue
1:48:19 PM [vite] (client) hmr update /src/pages/RunBatchCenterPage.vue
1:48:30 PM [vite] (client) hmr update /src/pages/RunBatchCenterPage.vue
1:52:03 PM [vite] (client) hmr update /src/pages/InitializationPage.vue, /src/pages/FlowOverviewPage.vue, /src/pages/ObjectDetailPage.vue, /src/pages/AnomalyWorkspacePage.vue, /src/pages/ObservationWorkspacePage.vue, /src/pages/ObjectsPage.vue, /src/pages/RunBatchCenterPage.vue, /src/pages/ValidationComparePage.vue, /src/pages/GovernancePage.vue, /src/pages/BaselineProfilePage.vue, /src/pages/ProfileListPage.vue
1:52:11 PM [vite] (client) hmr update /src/pages/ProfileListPage.vue
1:52:19 PM [vite] (client) hmr update /src/pages/ProfileListPage.vue
1:52:32 PM [vite] (client) hmr update /src/pages/ProfileListPage.vue
1:52:57 PM [vite] (client) hmr update /src/pages/FlowOverviewPage.vue
1:56:08 PM [vite] (client) hmr update /src/pages/BaselineProfilePage.vue
1:56:17 PM [vite] (client) hmr update /src/pages/BaselineProfilePage.vue
1:56:38 PM [vite] (client) hmr update /src/pages/BaselineProfilePage.vue
1:56:48 PM [vite] (client) hmr update /src/pages/BaselineProfilePage.vue
2:44:36 PM [vite] (client) hmr update /src/styles.css
2:44:56 PM [vite] (client) hmr update /src/App.vue
2:44:57 PM [vite] Internal server error: Failed to resolve import "./components/GlobalStatusBar.vue" from "src/App.vue". Does the file exist?
  Plugin: vite:import-analysis
  File: /Users/yangcongan/cursor/WangYou_Data/rebuild3/frontend/src/App.vue:73:28
  2  |  import { computed, onMounted } from "vue";
  3  |  import { RouterLink, RouterView, useRoute } from "vue-router";
  4  |  import GlobalStatusBar from "./components/GlobalStatusBar.vue";
     |                               ^
  5  |  import { useRuntimeStore } from "./stores/runtime";
  6  |  const _sfc_main = /* @__PURE__ */ _defineComponent({
      at TransformPluginContext._formatLog (file:///Users/yangcongan/cursor/WangYou_Data/rebuild3/frontend/node_modules/vite/dist/node/chunks/config.js:28999:43)
      at TransformPluginContext.error (file:///Users/yangcongan/cursor/WangYou_Data/rebuild3/frontend/node_modules/vite/dist/node/chunks/config.js:28996:14)
      at normalizeUrl (file:///Users/yangcongan/cursor/WangYou_Data/rebuild3/frontend/node_modules/vite/dist/node/chunks/config.js:27119:18)
      at process.processTicksAndRejections (node:internal/process/task_queues:104:5)
      at async file:///Users/yangcongan/cursor/WangYou_Data/rebuild3/frontend/node_modules/vite/dist/node/chunks/config.js:27177:32
      at async Promise.all (index 3)
      at async TransformPluginContext.transform (file:///Users/yangcongan/cursor/WangYou_Data/rebuild3/frontend/node_modules/vite/dist/node/chunks/config.js:27145:4)
      at async EnvironmentPluginContainer.transform (file:///Users/yangcongan/cursor/WangYou_Data/rebuild3/frontend/node_modules/vite/dist/node/chunks/config.js:28797:14)
      at async loadAndTransform (file:///Users/yangcongan/cursor/WangYou_Data/rebuild3/frontend/node_modules/vite/dist/node/chunks/config.js:22670:26)
2:44:57 PM [vite] Internal server error: Failed to resolve import "./components/GlobalStatusBar.vue" from "src/App.vue". Does the file exist?
  Plugin: vite:import-analysis
  File: /Users/yangcongan/cursor/WangYou_Data/rebuild3/frontend/src/App.vue:73:28
  2  |  import { computed, onMounted } from "vue";
  3  |  import { RouterLink, RouterView, useRoute } from "vue-router";
  4  |  import GlobalStatusBar from "./components/GlobalStatusBar.vue";
     |                               ^
  5  |  import { useRuntimeStore } from "./stores/runtime";
  6  |  const _sfc_main = /* @__PURE__ */ _defineComponent({
      at TransformPluginContext._formatLog (file:///Users/yangcongan/cursor/WangYou_Data/rebuild3/frontend/node_modules/vite/dist/node/chunks/config.js:28999:43)
      at TransformPluginContext.error (file:///Users/yangcongan/cursor/WangYou_Data/rebuild3/frontend/node_modules/vite/dist/node/chunks/config.js:28996:14)
      at normalizeUrl (file:///Users/yangcongan/cursor/WangYou_Data/rebuild3/frontend/node_modules/vite/dist/node/chunks/config.js:27119:18)
      at process.processTicksAndRejections (node:internal/process/task_queues:104:5)
      at async file:///Users/yangcongan/cursor/WangYou_Data/rebuild3/frontend/node_modules/vite/dist/node/chunks/config.js:27177:32
      at async Promise.all (index 3)
      at async TransformPluginContext.transform (file:///Users/yangcongan/cursor/WangYou_Data/rebuild3/frontend/node_modules/vite/dist/node/chunks/config.js:27145:4)
      at async EnvironmentPluginContainer.transform (file:///Users/yangcongan/cursor/WangYou_Data/rebuild3/frontend/node_modules/vite/dist/node/chunks/config.js:28797:14)
      at async loadAndTransform (file:///Users/yangcongan/cursor/WangYou_Data/rebuild3/frontend/node_modules/vite/dist/node/chunks/config.js:22670:26)
2:44:57 PM [vite] Internal server error: Failed to resolve import "./components/GlobalStatusBar.vue" from "src/App.vue". Does the file exist?
  Plugin: vite:import-analysis
  File: /Users/yangcongan/cursor/WangYou_Data/rebuild3/frontend/src/App.vue:73:28
  2  |  import { computed, onMounted } from "vue";
  3  |  import { RouterLink, RouterView, useRoute } from "vue-router";
  4  |  import GlobalStatusBar from "./components/GlobalStatusBar.vue";
     |                               ^
  5  |  import { useRuntimeStore } from "./stores/runtime";
  6  |  const _sfc_main = /* @__PURE__ */ _defineComponent({
      at TransformPluginContext._formatLog (file:///Users/yangcongan/cursor/WangYou_Data/rebuild3/frontend/node_modules/vite/dist/node/chunks/config.js:28999:43)
      at TransformPluginContext.error (file:///Users/yangcongan/cursor/WangYou_Data/rebuild3/frontend/node_modules/vite/dist/node/chunks/config.js:28996:14)
      at normalizeUrl (file:///Users/yangcongan/cursor/WangYou_Data/rebuild3/frontend/node_modules/vite/dist/node/chunks/config.js:27119:18)
      at process.processTicksAndRejections (node:internal/process/task_queues:104:5)
      at async file:///Users/yangcongan/cursor/WangYou_Data/rebuild3/frontend/node_modules/vite/dist/node/chunks/config.js:27177:32
      at async Promise.all (index 3)
      at async TransformPluginContext.transform (file:///Users/yangcongan/cursor/WangYou_Data/rebuild3/frontend/node_modules/vite/dist/node/chunks/config.js:27145:4)
      at async EnvironmentPluginContainer.transform (file:///Users/yangcongan/cursor/WangYou_Data/rebuild3/frontend/node_modules/vite/dist/node/chunks/config.js:28797:14)
      at async loadAndTransform (file:///Users/yangcongan/cursor/WangYou_Data/rebuild3/frontend/node_modules/vite/dist/node/chunks/config.js:22670:26)
      at async viteTransformMiddleware (file:///Users/yangcongan/cursor/WangYou_Data/rebuild3/frontend/node_modules/vite/dist/node/chunks/config.js:24542:20)
2:45:07 PM [vite] (client) page reload src/components/GlobalStatusBar.vue
2:45:47 PM [vite] (client) page reload src/router.ts
2:45:52 PM [vite] (client) page reload src/router.ts
2:47:59 PM [vite] (client) hmr update /src/pages/FlowOverviewPage.vue
2:51:49 PM [vite] (client) hmr update /src/pages/ObservationWorkspacePage.vue
2:52:52 PM [vite] (client) hmr update /src/pages/AnomalyWorkspacePage.vue
2:53:48 PM [vite] (client) hmr update /src/pages/BaselineProfilePage.vue
2:56:22 PM [vite] (client) page reload src/router.ts
2:56:27 PM [vite] (client) page reload src/router.ts
2:56:35 PM [vite] (client) page reload src/router.ts
2:56:39 PM [vite] (client) page reload src/router.ts
2:57:40 PM [vite] (client) hmr update /src/pages/RunBatchCenterPage.vue
2:58:16 PM [vite] (client) hmr update /src/pages/ObjectsPage.vue
2:58:50 PM [vite] (client) hmr update /src/pages/ObjectDetailPage.vue
2:59:35 PM [vite] (client) hmr update /src/pages/ValidationComparePage.vue
3:00:02 PM [vite] (client) hmr update /src/pages/InitializationPage.vue
3:00:42 PM [vite] (client) hmr update /src/pages/GovernancePage.vue
3:53:53 PM [vite] (client) hmr update /src/pages/ObjectsPage.vue
3:54:54 PM [vite] (client) hmr update /src/pages/CellProfilePage.vue
3:54:54 PM [vite] (client) hmr update /src/pages/LacProfilePage.vue
3:54:54 PM [vite] (client) hmr update /src/pages/BsProfilePage.vue
3:55:11 PM [vite] (client) hmr update /src/pages/ObservationWorkspacePage.vue
3:55:30 PM [vite] (client) hmr update /src/pages/GovernancePage.vue
3:56:02 PM [vite] (client) hmr update /src/pages/FlowOverviewPage.vue
3:56:11 PM [vite] (client) hmr update /src/pages/FlowSnapshotPage.vue
3:56:55 PM [vite] (client) hmr update /src/pages/FlowSnapshotPage.vue
3:57:11 PM [vite] (client) hmr update /src/pages/RunBatchCenterPage.vue
3:57:28 PM [vite] (client) hmr update /src/pages/BaselineProfilePage.vue
3:57:43 PM [vite] (client) hmr update /src/pages/ObservationWorkspacePage.vue
3:58:29 PM [vite] (client) hmr update /src/pages/ProfileListPage.vue
3:58:29 PM [vite] (client) hmr update /src/components/BadgePill.vue
3:58:29 PM [vite] (client) hmr update /src/components/PageSection.vue
3:58:29 PM [vite] (client) hmr update /src/pages/ProfileListPage.vue
3:58:29 PM [vite] (client) hmr update /src/components/MetricCard.vue
3:58:29 PM [vite] (client) hmr update /src/components/VersionContextBar.vue
3:58:29 PM [vite] (client) hmr update /src/components/QualificationStrip.vue

> rebuild3-frontend@0.1.0 dev
> vite --host 127.0.0.1 --port 47122


  VITE v7.3.1  ready in 167 ms

  ➜  Local:   http://127.0.0.1:47122/

> rebuild3-frontend@0.1.0 dev
> vite --host 127.0.0.1 --port 47122


  VITE v7.3.1  ready in 222 ms

  ➜  Local:   http://127.0.0.1:47122/

> rebuild3-frontend@0.1.0 dev
> vite --host 127.0.0.1 --port 47122


  VITE v7.3.1  ready in 227 ms

  ➜  Local:   http://127.0.0.1:47122/
9:53:00 PM [vite] (client) hmr update /src/pages/FlowSnapshotPage.vue
9:53:38 PM [vite] (client) hmr update /src/pages/FlowOverviewPage.vue
9:54:56 PM [vite] (client) hmr update /src/pages/RunBatchCenterPage.vue
9:55:34 PM [vite] (client) hmr update /src/pages/BaselineProfilePage.vue
9:55:49 PM [vite] (client) hmr update /src/pages/InitializationPage.vue
9:56:07 PM [vite] (client) hmr update /src/pages/ValidationComparePage.vue
9:56:19 PM [vite] (client) hmr update /src/pages/GovernancePage.vue
9:56:37 PM [vite] (client) hmr update /src/pages/BsProfilePage.vue
9:56:58 PM [vite] (client) hmr update /src/pages/CellProfilePage.vue

> rebuild3-frontend@0.1.0 dev
> vite --host 127.0.0.1 --port 47122


  VITE v7.3.1  ready in 197 ms

  ➜  Local:   http://127.0.0.1:47122/

> rebuild3-frontend@0.1.0 dev
> vite --host 127.0.0.1 --port 47122


  VITE v7.3.1  ready in 260 ms

  ➜  Local:   http://127.0.0.1:47122/
