SET
SET
SET
DELETE 193036
DELETE 243189
TRUNCATE TABLE
INSERT 0 193036
INSERT 0 50153
INSERT 0 243189
INSERT 0 193036
INSERT 0 93110
INSERT 0 866
UPDATE 1
DELETE 7
INSERT 0 7
DELETE 10
INSERT 0 10
DELETE 11
INSERT 0 11
      184.52 real         0.02 user         0.02 sys
            20299776  maximum resident set size
                   0  average shared memory size
                   0  average unshared data size
                   0  average unshared stack size
                1620  page reclaims
                 301  page faults
                   0  swaps
                   0  block input operations
                   0  block output operations
                  36  messages sent
                  47  messages received
                   0  signals received
                  49  voluntary context switches
                 452  involuntary context switches
           220276831  instructions retired
           114740040  cycles elapsed
             4818304  peak memory footprint
